<?xml version="1.0" encoding="UTF-8"?>
<!-- Generated by org.testng.reporters.JUnitReportReporter -->
<testsuite hostname="ip-192-168-29-62.ap-south-1.compute.internal" failures="0" tests="2" name="Test01_Get" time="6.565" errors="0" timestamp="2023-01-17T22:01:37 IST" skipped="0">
  <testcase classname="Test01_Get" name="test1" time="4.167"/>
  <testcase classname="Test01_Get" name="fyndAPIToGetAuthInfo" time="2.398"/>
</testsuite> <!-- Test01_Get -->
