<?xml version="1.0" encoding="UTF-8"?>
<!-- Generated by org.testng.reporters.JUnitReportReporter -->
<testsuite hostname="MacBook-Pro-Abhinav.local" failures="0" tests="2" name="com.RCB.validateRCB" time="0.022" errors="0" timestamp="22 Nov 2022 08:09:36 GMT" skipped="0">
  <testcase classname="com.RCB.validateRCB" name="validatesForeignPlayers" time="0.017"/>
  <testcase classname="com.RCB.validateRCB" name="validatesWicketKeeper" time="0.005"/>
</testsuite> <!-- com.RCB.validateRCB -->
