<?xml version="1.0" encoding="UTF-8"?>
<!-- Generated by org.testng.reporters.JUnitReportReporter -->
<testsuite hostname="MacBook-Pro-Abhinav.local" failures="0" tests="1" name="sad.NewTest" time="0.012" errors="0" timestamp="22 Nov 2022 08:05:51 GMT" skipped="0">
  <testcase classname="sad.NewTest" name="validatesWicketKeeper" time="0.012"/>
</testsuite> <!-- sad.NewTest -->
